# JRE version: OpenJDK Runtime Environment (17.0.7) (build 17.0.7+0-b2043.56-10550314)
# Java VM: OpenJDK 64-Bit Server VM (17.0.7+0-b2043.56-10550314, mixed mode, tiered, compressed oops, compressed class ptrs, g1 gc, windows-amd64)
GC Precious Log:
 CPUs: 8 total, 8 available
 Memory: 6091M
 Large Page Support: Disabled
 NUMA Support: Disabled
 Compressed Oops: Enabled (32-bit)
 Heap Region Size: 1M
 Heap Min Capacity: 8M
 Heap Initial Capacity: 96M
 Heap Max Capacity: 1G
 Pre-touch: Disabled
 Parallel Workers: 8
 Concurrent Workers: 2
 Concurrent Refinement Workers: 8
 Periodic GC: Disabled
Heap:
 garbage-first heap   total 496640K, used 370038K [0x00000000c0000000, 0x0000000100000000)
  region size 1024K, 99 young (101376K), 6 survivors (6144K)
 Metaspace       used 195529K, committed 196864K, reserved 1245184K
  class space    used 25228K, committed 25856K, reserved 1048576K
GC Heap History (20 events):
Event: 137.655 GC heap before
{Heap before GC invocations=83 (full 0):
 garbage-first heap   total 370688K, used 316179K [0x00000000c0000000, 0x0000000100000000)
  region size 1024K, 63 young (64512K), 7 survivors (7168K)
 Metaspace       used 166586K, committed 167808K, reserved 1245184K
  class space    used 22042K, committed 22656K, reserved 1048576K
}
Event: 137.661 GC heap after
{Heap after GC invocations=84 (full 0):
 garbage-first heap   total 370688K, used 261424K [0x00000000c0000000, 0x0000000100000000)
  region size 1024K, 7 young (7168K), 7 survivors (7168K)
 Metaspace       used 166586K, committed 167808K, reserved 1245184K
  class space    used 22042K, committed 22656K, reserved 1048576K
}
Event: 253.979 GC heap before
{Heap before GC invocations=84 (full 0):
 garbage-first heap   total 370688K, used 318768K [0x00000000c0000000, 0x0000000100000000)
  region size 1024K, 63 young (64512K), 7 survivors (7168K)
 Metaspace       used 167098K, committed 168384K, reserved 1245184K
  class space    used 22072K, committed 22720K, reserved 1048576K
}
Event: 254.000 GC heap after
{Heap after GC invocations=85 (full 0):
 garbage-first heap   total 370688K, used 266969K [0x00000000c0000000, 0x0000000100000000)
  region size 1024K, 8 young (8192K), 8 survivors (8192K)
 Metaspace       used 167098K, committed 168384K, reserved 1245184K
  class space    used 22072K, committed 22720K, reserved 1048576K
}
Event: 254.591 GC heap before
{Heap before GC invocations=85 (full 0):
 garbage-first heap   total 370688K, used 319193K [0x00000000c0000000, 0x0000000100000000)
  region size 1024K, 59 young (60416K), 8 survivors (8192K)
 Metaspace       used 167534K, committed 168832K, reserved 1245184K
  class space    used 22072K, committed 22720K, reserved 1048576K
}
Event: 254.599 GC heap after
{Heap after GC invocations=86 (full 0):
 garbage-first heap   total 370688K, used 264308K [0x00000000c0000000, 0x0000000100000000)
  region size 1024K, 2 young (2048K), 2 survivors (2048K)
 Metaspace       used 167534K, committed 168832K, reserved 1245184K
  class space    used 22072K, committed 22720K, reserved 1048576K
}
Event: 354.875 GC heap before
{Heap before GC invocations=86 (full 0):
 garbage-first heap   total 370688K, used 321652K [0x00000000c0000000, 0x0000000100000000)
  region size 1024K, 57 young (58368K), 2 survivors (2048K)
 Metaspace       used 167778K, committed 169088K, reserved 1245184K
  class space    used 22084K, committed 22720K, reserved 1048576K
}
Event: 354.881 GC heap after
{Heap after GC invocations=87 (full 0):
 garbage-first heap   total 370688K, used 268050K [0x00000000c0000000, 0x0000000100000000)
  region size 1024K, 5 young (5120K), 5 survivors (5120K)
 Metaspace       used 167778K, committed 169088K, reserved 1245184K
  class space    used 22084K, committed 22720K, reserved 1048576K
}
Event: 355.422 GC heap before
{Heap before GC invocations=87 (full 0):
 garbage-first heap   total 370688K, used 320274K [0x00000000c0000000, 0x0000000100000000)
  region size 1024K, 56 young (57344K), 5 survivors (5120K)
 Metaspace       used 168983K, committed 170304K, reserved 1245184K
  class space    used 22187K, committed 22848K, reserved 1048576K
}
Event: 355.436 GC heap after
{Heap after GC invocations=88 (full 0):
 garbage-first heap   total 370688K, used 272529K [0x00000000c0000000, 0x0000000100000000)
  region size 1024K, 5 young (5120K), 5 survivors (5120K)
 Metaspace       used 168983K, committed 170304K, reserved 1245184K
  class space    used 22187K, committed 22848K, reserved 1048576K
}
Event: 356.289 GC heap before
{Heap before GC invocations=88 (full 0):
 garbage-first heap   total 370688K, used 320657K [0x00000000c0000000, 0x0000000100000000)
  region size 1024K, 52 young (53248K), 5 survivors (5120K)
 Metaspace       used 173784K, committed 175104K, reserved 1245184K
  class space    used 22775K, committed 23424K, reserved 1048576K
}
Event: 356.300 GC heap after
{Heap after GC invocations=89 (full 0):
 garbage-first heap   total 370688K, used 276121K [0x00000000c0000000, 0x0000000100000000)
  region size 1024K, 4 young (4096K), 4 survivors (4096K)
 Metaspace       used 173784K, committed 175104K, reserved 1245184K
  class space    used 22775K, committed 23424K, reserved 1048576K
}
Event: 356.349 GC heap before
{Heap before GC invocations=89 (full 0):
 garbage-first heap   total 370688K, used 278169K [0x00000000c0000000, 0x0000000100000000)
  region size 1024K, 7 young (7168K), 4 survivors (4096K)
 Metaspace       used 174050K, committed 175296K, reserved 1245184K
  class space    used 22805K, committed 23424K, reserved 1048576K
}
Event: 356.356 GC heap after
{Heap after GC invocations=90 (full 0):
 garbage-first heap   total 370688K, used 276625K [0x00000000c0000000, 0x0000000100000000)
  region size 1024K, 1 young (1024K), 1 survivors (1024K)
 Metaspace       used 174050K, committed 175296K, reserved 1245184K
  class space    used 22805K, committed 23424K, reserved 1048576K
}
Event: 357.263 GC heap before
{Heap before GC invocations=91 (full 0):
 garbage-first heap   total 496640K, used 312465K [0x00000000c0000000, 0x0000000100000000)
  region size 1024K, 36 young (36864K), 1 survivors (1024K)
 Metaspace       used 178749K, committed 180032K, reserved 1245184K
  class space    used 23320K, committed 23936K, reserved 1048576K
}
Event: 357.268 GC heap after
{Heap after GC invocations=92 (full 0):
 garbage-first heap   total 496640K, used 277218K [0x00000000c0000000, 0x0000000100000000)
  region size 1024K, 2 young (2048K), 2 survivors (2048K)
 Metaspace       used 178749K, committed 180032K, reserved 1245184K
  class space    used 23320K, committed 23936K, reserved 1048576K
}
Event: 357.747 GC heap before
{Heap before GC invocations=92 (full 0):
 garbage-first heap   total 496640K, used 298722K [0x00000000c0000000, 0x0000000100000000)
  region size 1024K, 24 young (24576K), 2 survivors (2048K)
 Metaspace       used 182099K, committed 183424K, reserved 1245184K
  class space    used 23665K, committed 24320K, reserved 1048576K
}
Event: 357.755 GC heap after
{Heap after GC invocations=93 (full 0):
 garbage-first heap   total 496640K, used 265652K [0x00000000c0000000, 0x0000000100000000)
  region size 1024K, 2 young (2048K), 2 survivors (2048K)
 Metaspace       used 182099K, committed 183424K, reserved 1245184K
  class space    used 23665K, committed 24320K, reserved 1048576K
}
Event: 361.212 GC heap before
{Heap before GC invocations=93 (full 0):
 garbage-first heap   total 496640K, used 430516K [0x00000000c0000000, 0x0000000100000000)
  region size 1024K, 162 young (165888K), 2 survivors (2048K)
 Metaspace       used 187660K, committed 188928K, reserved 1245184K
  class space    used 24265K, committed 24896K, reserved 1048576K
}
Event: 361.220 GC heap after
{Heap after GC invocations=94 (full 0):
 garbage-first heap   total 496640K, used 269686K [0x00000000c0000000, 0x0000000100000000)
  region size 1024K, 6 young (6144K), 6 survivors (6144K)
 Metaspace       used 187660K, committed 188928K, reserved 1245184K
  class space    used 24265K, committed 24896K, reserved 1048576K
}

